F:\ug_two\C#\UG\EntepriseProject\JYLS\Inte3DforUG\Debug\definedll.exp
F:\ug_two\C#\UG\EntepriseProject\JYLS\Inte3DforUG\Debug\definedll.lib
F:\UG_TWO\C#\UG\ENTEPRISEPROJECT\JYLS\INTE3DFORUG\DEBUG\DEFINEDLL.PDB
F:\UG_TWO\C#\UG\ENTEPRISEPROJECT\JYLS\INTE3DFORUG\DEBUG_X64\STARTUP\DEFINEDLL.DLL
F:\UG_TWO\C#\UG\ENTEPRISEPROJECT\JYLS\INTE3DFORUG\DEBUG_X64\STARTUP\DEFINEDLL.ILK
F:\ug_two\C#\UG\EntepriseProject\JYLS\Inte3DforUG\definedll\Debug\cl.command.1.tlog
F:\ug_two\C#\UG\EntepriseProject\JYLS\Inte3DforUG\definedll\Debug\CL.read.1.tlog
F:\ug_two\C#\UG\EntepriseProject\JYLS\Inte3DforUG\definedll\Debug\CL.write.1.tlog
F:\UG_TWO\C#\UG\ENTEPRISEPROJECT\JYLS\INTE3DFORUG\DEFINEDLL\DEBUG\DEFINEDLL.DLL.EMBED.MANIFEST
F:\UG_TWO\C#\UG\ENTEPRISEPROJECT\JYLS\INTE3DFORUG\DEFINEDLL\DEBUG\DEFINEDLL.DLL.EMBED.MANIFEST.RES
F:\UG_TWO\C#\UG\ENTEPRISEPROJECT\JYLS\INTE3DFORUG\DEFINEDLL\DEBUG\DEFINEDLL.DLL.INTERMEDIATE.MANIFEST
F:\UG_TWO\C#\UG\ENTEPRISEPROJECT\JYLS\INTE3DFORUG\DEFINEDLL\DEBUG\DEFINEDLL.OBJ
F:\UG_TWO\C#\UG\ENTEPRISEPROJECT\JYLS\INTE3DFORUG\DEFINEDLL\DEBUG\DEFINEDLL.PCH
F:\ug_two\C#\UG\EntepriseProject\JYLS\Inte3DforUG\definedll\Debug\definedll.vcxprojResolveAssemblyReference.cache
F:\ug_two\C#\UG\EntepriseProject\JYLS\Inte3DforUG\definedll\Debug\definedll.write.1.tlog
F:\ug_two\C#\UG\EntepriseProject\JYLS\Inte3DforUG\definedll\Debug\definedll_manifest.rc
F:\UG_TWO\C#\UG\ENTEPRISEPROJECT\JYLS\INTE3DFORUG\DEFINEDLL\DEBUG\DLLMAIN.OBJ
F:\ug_two\C#\UG\EntepriseProject\JYLS\Inte3DforUG\definedll\Debug\link.15276.read.1.tlog
F:\ug_two\C#\UG\EntepriseProject\JYLS\Inte3DforUG\definedll\Debug\link.15276.write.1.tlog
F:\ug_two\C#\UG\EntepriseProject\JYLS\Inte3DforUG\definedll\Debug\link.15276-cvtres.read.1.tlog
F:\ug_two\C#\UG\EntepriseProject\JYLS\Inte3DforUG\definedll\Debug\link.15276-cvtres.write.1.tlog
F:\ug_two\C#\UG\EntepriseProject\JYLS\Inte3DforUG\definedll\Debug\link.command.1.tlog
F:\ug_two\C#\UG\EntepriseProject\JYLS\Inte3DforUG\definedll\Debug\link.read.1.tlog
F:\ug_two\C#\UG\EntepriseProject\JYLS\Inte3DforUG\definedll\Debug\link.write.1.tlog
F:\ug_two\C#\UG\EntepriseProject\JYLS\Inte3DforUG\definedll\Debug\link-cvtres.read.1.tlog
F:\ug_two\C#\UG\EntepriseProject\JYLS\Inte3DforUG\definedll\Debug\link-cvtres.write.1.tlog
F:\ug_two\C#\UG\EntepriseProject\JYLS\Inte3DforUG\definedll\Debug\mt.command.1.tlog
F:\ug_two\C#\UG\EntepriseProject\JYLS\Inte3DforUG\definedll\Debug\mt.read.1.tlog
F:\ug_two\C#\UG\EntepriseProject\JYLS\Inte3DforUG\definedll\Debug\mt.write.1.tlog
F:\ug_two\C#\UG\EntepriseProject\JYLS\Inte3DforUG\definedll\Debug\rc.command.1.tlog
F:\ug_two\C#\UG\EntepriseProject\JYLS\Inte3DforUG\definedll\Debug\rc.read.1.tlog
F:\ug_two\C#\UG\EntepriseProject\JYLS\Inte3DforUG\definedll\Debug\rc.write.1.tlog
F:\UG_TWO\C#\UG\ENTEPRISEPROJECT\JYLS\INTE3DFORUG\DEFINEDLL\DEBUG\STDAFX.OBJ
F:\ug_two\C#\UG\EntepriseProject\JYLS\Inte3DforUG\definedll\Debug\vc100.idb
F:\UG_TWO\C#\UG\ENTEPRISEPROJECT\JYLS\INTE3DFORUG\DEFINEDLL\DEBUG\VC100.PDB
