生成启动时间为 2017/12/3 22:25:19。
     1>项目“F:\ug_two\C#\UG\EntepriseProject\JYLS\Inte3DforUG\Inte3DforUG.vcxproj”在节点 2 上(build 个目标)。
     1>InitializeBuildStatus:
         正在创建“x64\Debug\Inte3DforUG.unsuccessfulbuild”，因为已指定“AlwaysCreate”。
       ClCompile:
         所有输出均为最新。
         所有输出均为最新。
       ResourceCompile:
         所有输出均为最新。
       ManifestResourceCompile:
         所有输出均为最新。
     1>C:\Program Files (x86)\MSBuild\Microsoft.Cpp\v4.0\Microsoft.CppBuild.targets(990,5): warning MSB8012: TargetPath(F:\ug_two\C#\UG\EntepriseProject\JYLS\Inte3DforUG\x64\Debug\Inte3DforUG.dll) 与 Linker 的 OutputFile 属性值(F:\ug_two\C#\UG\EntepriseProject\JYLS\debug_x64\startup\Inte3DforUG.dll)不匹配。这可能导致项目生成不正确。若要更正此问题，请确保 $(OutDir)、$(TargetName) 和 $(TargetExt) 属性值与 %(Link.OutputFile) 中指定的值匹配。
       Link:
         所有输出均为最新。
         Inte3DforUG.vcxproj -> F:\ug_two\C#\UG\EntepriseProject\JYLS\Inte3DforUG\x64\Debug\Inte3DforUG.dll
       Manifest:
         C:\Program Files (x86)\Microsoft SDKs\Windows\v7.0A\bin\mt.exe /nologo /verbose /out:"x64\Debug\Inte3DforUG.dll.embed.manifest" /manifest x64\Debug\Inte3DforUG.dll.intermediate.manifest d:\Vs2010Insatll\VC\Include\Manifest\dpiaware.manifest
         所有输出均为最新。
       FinalizeBuildStatus:
         正在删除文件“x64\Debug\Inte3DforUG.unsuccessfulbuild”。
         正在对“x64\Debug\Inte3DforUG.lastbuildstate”执行 Touch 任务。
     1>已完成生成项目“F:\ug_two\C#\UG\EntepriseProject\JYLS\Inte3DforUG\Inte3DforUG.vcxproj”(build 个目标)的操作。

生成成功。

已用时间 00:00:01.63
