D:\UG_TWO\UG\ENTEPRISEPROJECT\JYLS\DEBUG_X64\STARTUP\INTE3DFORUG.DLL
D:\UG_TWO\UG\ENTEPRISEPROJECT\JYLS\DEBUG_X64\STARTUP\INTE3DFORUG.ILK
D:\ug_two\UG\EntepriseProject\JYLS\Inte3DforUG\x64\Debug\cl.command.1.tlog
D:\ug_two\UG\EntepriseProject\JYLS\Inte3DforUG\x64\Debug\CL.read.1.tlog
D:\ug_two\UG\EntepriseProject\JYLS\Inte3DforUG\x64\Debug\CL.write.1.tlog
D:\UG_TWO\UG\ENTEPRISEPROJECT\JYLS\INTE3DFORUG\X64\DEBUG\INTE3DFORUG.DLL.EMBED.MANIFEST
D:\UG_TWO\UG\ENTEPRISEPROJECT\JYLS\INTE3DFORUG\X64\DEBUG\INTE3DFORUG.DLL.EMBED.MANIFEST.RES
D:\UG_TWO\UG\ENTEPRISEPROJECT\JYLS\INTE3DFORUG\X64\DEBUG\INTE3DFORUG.DLL.INTERMEDIATE.MANIFEST
D:\ug_two\UG\EntepriseProject\JYLS\Inte3DforUG\x64\Debug\Inte3DforUG.exp
D:\ug_two\UG\EntepriseProject\JYLS\Inte3DforUG\x64\Debug\Inte3DforUG.lib
D:\UG_TWO\UG\ENTEPRISEPROJECT\JYLS\INTE3DFORUG\X64\DEBUG\INTE3DFORUG.OBJ
D:\UG_TWO\UG\ENTEPRISEPROJECT\JYLS\INTE3DFORUG\X64\DEBUG\INTE3DFORUG.PCH
D:\UG_TWO\UG\ENTEPRISEPROJECT\JYLS\INTE3DFORUG\X64\DEBUG\INTE3DFORUG.PDB
D:\UG_TWO\UG\ENTEPRISEPROJECT\JYLS\INTE3DFORUG\X64\DEBUG\INTE3DFORUG.RES
D:\ug_two\UG\EntepriseProject\JYLS\Inte3DforUG\x64\Debug\Inte3DforUG.write.1.tlog
D:\ug_two\UG\EntepriseProject\JYLS\Inte3DforUG\x64\Debug\Inte3DforUG_manifest.rc
D:\ug_two\UG\EntepriseProject\JYLS\Inte3DforUG\x64\Debug\link.6004.read.1.tlog
D:\ug_two\UG\EntepriseProject\JYLS\Inte3DforUG\x64\Debug\link.6004.write.1.tlog
D:\ug_two\UG\EntepriseProject\JYLS\Inte3DforUG\x64\Debug\link.6004-cvtres.read.1.tlog
D:\ug_two\UG\EntepriseProject\JYLS\Inte3DforUG\x64\Debug\link.6004-cvtres.write.1.tlog
D:\ug_two\UG\EntepriseProject\JYLS\Inte3DforUG\x64\Debug\link.command.1.tlog
D:\ug_two\UG\EntepriseProject\JYLS\Inte3DforUG\x64\Debug\link.read.1.tlog
D:\ug_two\UG\EntepriseProject\JYLS\Inte3DforUG\x64\Debug\link.write.1.tlog
D:\ug_two\UG\EntepriseProject\JYLS\Inte3DforUG\x64\Debug\link-cvtres.read.1.tlog
D:\ug_two\UG\EntepriseProject\JYLS\Inte3DforUG\x64\Debug\link-cvtres.write.1.tlog
D:\UG_TWO\UG\ENTEPRISEPROJECT\JYLS\INTE3DFORUG\X64\DEBUG\MODIFYDIMPLANE.OBJ
D:\ug_two\UG\EntepriseProject\JYLS\Inte3DforUG\x64\Debug\mt.command.1.tlog
D:\ug_two\UG\EntepriseProject\JYLS\Inte3DforUG\x64\Debug\mt.read.1.tlog
D:\ug_two\UG\EntepriseProject\JYLS\Inte3DforUG\x64\Debug\mt.write.1.tlog
D:\ug_two\UG\EntepriseProject\JYLS\Inte3DforUG\x64\Debug\rc.command.1.tlog
D:\ug_two\UG\EntepriseProject\JYLS\Inte3DforUG\x64\Debug\rc.read.1.tlog
D:\ug_two\UG\EntepriseProject\JYLS\Inte3DforUG\x64\Debug\rc.write.1.tlog
D:\UG_TWO\UG\ENTEPRISEPROJECT\JYLS\INTE3DFORUG\X64\DEBUG\STDAFX.OBJ
D:\UG_TWO\UG\ENTEPRISEPROJECT\JYLS\INTE3DFORUG\X64\DEBUG\UGCOMMAND.OBJ
D:\ug_two\UG\EntepriseProject\JYLS\Inte3DforUG\x64\Debug\vc100.idb
D:\UG_TWO\UG\ENTEPRISEPROJECT\JYLS\INTE3DFORUG\X64\DEBUG\VC100.PDB
